::1 - - [27/Nov/2024:20:08:53 -0300] "GET /phpmyadmin HTTP/1.1" 301 241
::1 - - [27/Nov/2024:20:08:53 -0300] "GET /phpmyadmin/ HTTP/1.1" 200 7955
::1 - - [27/Nov/2024:20:08:55 -0300] "GET /phpmyadmin/themes/pmahomme/jquery/jquery-ui-1.8.custom.css HTTP/1.1" 200 30846
::1 - - [27/Nov/2024:20:08:55 -0300] "GET /phpmyadmin/js/cross_framing_protection.js?ts=1324487272 HTTP/1.1" 200 331
::1 - - [27/Nov/2024:20:08:55 -0300] "GET /phpmyadmin/js/update-location.js?ts=1324487272 HTTP/1.1" 200 758
::1 - - [27/Nov/2024:20:08:55 -0300] "GET /phpmyadmin/themes/pmahomme/img/logo_right.png HTTP/1.1" 200 4921
::1 - - [27/Nov/2024:20:08:55 -0300] "GET /phpmyadmin/js/jquery/jquery.qtip-1.0.0.min.js?ts=1324487272 HTTP/1.1" 200 38434
::1 - - [27/Nov/2024:20:08:55 -0300] "GET /phpmyadmin/js/jquery/jquery-1.4.4.js?ts=1324487272 HTTP/1.1" 200 78268
::1 - - [27/Nov/2024:20:08:55 -0300] "GET /phpmyadmin/js/functions.js?ts=1324487272 HTTP/1.1" 200 31563
::1 - - [27/Nov/2024:20:08:55 -0300] "GET /phpmyadmin/phpmyadmin.css.php?server=1&lang=pt_BR&collation_connection=utf8_general_ci&token=bf3d0ce3b3929a000b953a1791a1220f&js_frame=right&nocache=3975639999 HTTP/1.1" 200 41672
::1 - - [27/Nov/2024:20:08:55 -0300] "GET /phpmyadmin/themes/pmahomme/img/b_help.png HTTP/1.1" 200 1594
::1 - - [27/Nov/2024:20:08:55 -0300] "GET /phpmyadmin/print.css HTTP/1.1" 200 1064
::1 - - [27/Nov/2024:20:08:55 -0300] "GET /phpmyadmin/js/messages.php?lang=pt_BR&db=&collation_connection=utf8_general_ci&token=bf3d0ce3b3929a000b953a1791a1220f HTTP/1.1" 200 5254
::1 - - [27/Nov/2024:20:08:55 -0300] "GET /phpmyadmin/themes/pmahomme/img/input_bg.gif HTTP/1.1" 200 162
::1 - - [27/Nov/2024:20:08:55 -0300] "GET /phpmyadmin/themes/pmahomme/img/s_notice.png HTTP/1.1" 200 666
::1 - - [27/Nov/2024:20:08:55 -0300] "GET /phpmyadmin/favicon.ico HTTP/1.1" 200 18902
::1 - - [27/Nov/2024:20:09:03 -0300] "POST /phpmyadmin/index.php HTTP/1.1" 302 -
::1 - - [27/Nov/2024:20:09:03 -0300] "GET /phpmyadmin/index.php?token=bf3d0ce3b3929a000b953a1791a1220f HTTP/1.1" 200 2614
::1 - - [27/Nov/2024:20:09:03 -0300] "GET /phpmyadmin/js/common.js?ts=1324487272 HTTP/1.1" 200 5294
::1 - - [27/Nov/2024:20:09:04 -0300] "GET /phpmyadmin/js/jquery/jquery.sprintf.js?ts=1324487272 HTTP/1.1" 200 987
::1 - - [27/Nov/2024:20:09:04 -0300] "GET /phpmyadmin/js/config.js?ts=1324487272 HTTP/1.1" 200 9480
::1 - - [27/Nov/2024:20:09:04 -0300] "GET /phpmyadmin/js/jquery/jquery-ui-1.8.custom.js?ts=1324487272 HTTP/1.1" 200 190765
::1 - - [27/Nov/2024:20:09:03 -0300] "GET /phpmyadmin/main.php?token=bf3d0ce3b3929a000b953a1791a1220f HTTP/1.1" 200 42216
::1 - - [27/Nov/2024:20:09:04 -0300] "GET /phpmyadmin/themes/pmahomme/img/window-new.png HTTP/1.1" 200 583
::1 - - [27/Nov/2024:20:09:04 -0300] "GET /phpmyadmin/phpmyadmin.css.php?server=1&token=bf3d0ce3b3929a000b953a1791a1220f&js_frame=right&nocache=5708388942 HTTP/1.1" 200 41672
::1 - - [27/Nov/2024:20:09:04 -0300] "GET /phpmyadmin/themes/pmahomme/img/s_host.png HTTP/1.1" 200 667
::1 - - [27/Nov/2024:20:09:03 -0300] "GET /phpmyadmin/navigation.php?token=bf3d0ce3b3929a000b953a1791a1220f HTTP/1.1" 200 4519
::1 - - [27/Nov/2024:20:09:04 -0300] "GET /phpmyadmin/themes/pmahomme/img/s_db.png HTTP/1.1" 200 390
::1 - - [27/Nov/2024:20:09:04 -0300] "GET /phpmyadmin/js/jquery/jquery-1.4.4.js HTTP/1.1" 200 78268
::1 - - [27/Nov/2024:20:09:04 -0300] "GET /phpmyadmin/js/functions.js HTTP/1.1" 200 31563
::1 - - [27/Nov/2024:20:09:04 -0300] "GET /phpmyadmin/themes/pmahomme/img/b_sql.png HTTP/1.1" 200 748
::1 - - [27/Nov/2024:20:09:04 -0300] "GET /phpmyadmin/themes/pmahomme/img/logo_left.png HTTP/1.1" 200 4970
::1 - - [27/Nov/2024:20:09:04 -0300] "GET /phpmyadmin/themes/pmahomme/img/s_reload.png HTTP/1.1" 200 608
::1 - - [27/Nov/2024:20:09:04 -0300] "GET /phpmyadmin/themes/pmahomme/img/s_status.png HTTP/1.1" 200 673
::1 - - [27/Nov/2024:20:09:04 -0300] "GET /phpmyadmin/themes/pmahomme/img/s_process.png HTTP/1.1" 200 512
::1 - - [27/Nov/2024:20:09:04 -0300] "GET /phpmyadmin/themes/pmahomme/img/s_rights.png HTTP/1.1" 200 533
::1 - - [27/Nov/2024:20:09:04 -0300] "GET /phpmyadmin/themes/pmahomme/img/b_export.png HTTP/1.1" 200 641
::1 - - [27/Nov/2024:20:09:04 -0300] "GET /phpmyadmin/themes/pmahomme/img/b_import.png HTTP/1.1" 200 629
::1 - - [27/Nov/2024:20:09:04 -0300] "GET /phpmyadmin/js/navigation.js HTTP/1.1" 200 2521
::1 - - [27/Nov/2024:20:09:04 -0300] "GET /phpmyadmin/themes/pmahomme/img/s_vars.png HTTP/1.1" 200 603
::1 - - [27/Nov/2024:20:09:04 -0300] "GET /phpmyadmin/themes/pmahomme/img/b_home.png HTTP/1.1" 200 806
::1 - - [27/Nov/2024:20:09:04 -0300] "GET /phpmyadmin/js/messages.php?lang=pt_BR&db=&token=bf3d0ce3b3929a000b953a1791a1220f HTTP/1.1" 200 5254
::1 - - [27/Nov/2024:20:09:04 -0300] "GET /phpmyadmin/themes/pmahomme/img/s_asci.png HTTP/1.1" 200 209
::1 - - [27/Nov/2024:20:09:04 -0300] "GET /phpmyadmin/themes/pmahomme/img/s_loggoff.png HTTP/1.1" 200 688
::1 - - [27/Nov/2024:20:09:04 -0300] "GET /phpmyadmin/themes/pmahomme/img/b_engine.png HTTP/1.1" 200 468
::1 - - [27/Nov/2024:20:09:04 -0300] "GET /phpmyadmin/themes/pmahomme/img/s_replication.png HTTP/1.1" 200 447
::1 - - [27/Nov/2024:20:09:04 -0300] "GET /phpmyadmin/themes/pmahomme/img/b_tblops.png HTTP/1.1" 200 610
::1 - - [27/Nov/2024:20:09:04 -0300] "GET /phpmyadmin/themes/pmahomme/img/s_sync.png HTTP/1.1" 200 551
::1 - - [27/Nov/2024:20:09:04 -0300] "GET /phpmyadmin/themes/pmahomme/img/tab_bg.png HTTP/1.1" 200 160
::1 - - [27/Nov/2024:20:09:04 -0300] "GET /phpmyadmin/themes/pmahomme/img/s_passwd.png HTTP/1.1" 200 435
::1 - - [27/Nov/2024:20:09:04 -0300] "GET /phpmyadmin/themes/pmahomme/img/s_lang.png HTTP/1.1" 200 743
::1 - - [27/Nov/2024:20:09:04 -0300] "GET /phpmyadmin/themes/pmahomme/img/s_theme.png HTTP/1.1" 200 856
::1 - - [27/Nov/2024:20:09:04 -0300] "GET /phpmyadmin/themes/pmahomme/img/b_selboard.png HTTP/1.1" 200 698
::1 - - [27/Nov/2024:20:09:04 -0300] "GET /phpmyadmin/themes/pmahomme/img/b_more.png HTTP/1.1" 200 1002
::1 - - [27/Nov/2024:20:09:04 -0300] "GET /phpmyadmin/themes/pmahomme/img/b_docs.png HTTP/1.1" 200 786
::1 - - [27/Nov/2024:20:09:04 -0300] "GET /phpmyadmin/themes/pmahomme/img/b_sqlhelp.png HTTP/1.1" 200 579
::1 - - [27/Nov/2024:20:09:04 -0300] "GET /phpmyadmin/phpmyadmin.css.php?token=bf3d0ce3b3929a000b953a1791a1220f&js_frame=left&nocache=5708388942 HTTP/1.1" 200 5861
::1 - - [27/Nov/2024:20:09:04 -0300] "GET /phpmyadmin/themes/pmahomme/img/database.png HTTP/1.1" 200 390
::1 - - [27/Nov/2024:20:09:04 -0300] "GET /phpmyadmin/themes/pmahomme/img/left_nav_bg.png HTTP/1.1" 200 215
::1 - - [27/Nov/2024:20:09:09 -0300] "GET /phpmyadmin/index.php?db=rh&token=bf3d0ce3b3929a000b953a1791a1220f HTTP/1.1" 200 2644
::1 - - [27/Nov/2024:20:09:10 -0300] "GET /phpmyadmin/navigation.php?token=bf3d0ce3b3929a000b953a1791a1220f&db=rh HTTP/1.1" 200 6745
::1 - - [27/Nov/2024:20:09:10 -0300] "GET /phpmyadmin/themes/pmahomme/img/b_sbrowse.png HTTP/1.1" 200 566
::1 - - [27/Nov/2024:20:09:10 -0300] "GET /phpmyadmin/themes/pmahomme/img/b_snewtbl.png HTTP/1.1" 200 733
::1 - - [27/Nov/2024:20:09:10 -0300] "GET /phpmyadmin/js/db_structure.js?ts=1324487272 HTTP/1.1" 200 3178
::1 - - [27/Nov/2024:20:09:10 -0300] "GET /phpmyadmin/themes/pmahomme/img/item_ltr.png HTTP/1.1" 200 162
::1 - - [27/Nov/2024:20:09:10 -0300] "GET /phpmyadmin/themes/pmahomme/img/b_props.png HTTP/1.1" 200 663
::1 - - [27/Nov/2024:20:09:10 -0300] "GET /phpmyadmin/themes/pmahomme/img/b_search.png HTTP/1.1" 200 615
::1 - - [27/Nov/2024:20:09:10 -0300] "GET /phpmyadmin/themes/pmahomme/img/s_asc.png HTTP/1.1" 200 201
::1 - - [27/Nov/2024:20:09:10 -0300] "GET /phpmyadmin/themes/pmahomme/img/b_browse.png HTTP/1.1" 200 566
::1 - - [27/Nov/2024:20:09:10 -0300] "GET /phpmyadmin/themes/pmahomme/img/b_select.png HTTP/1.1" 200 680
::1 - - [27/Nov/2024:20:09:10 -0300] "GET /phpmyadmin/themes/pmahomme/img/b_insrow.png HTTP/1.1" 200 228
::1 - - [27/Nov/2024:20:09:10 -0300] "GET /phpmyadmin/themes/pmahomme/img/b_empty.png HTTP/1.1" 200 363
::1 - - [27/Nov/2024:20:09:10 -0300] "GET /phpmyadmin/themes/pmahomme/img/b_drop.png HTTP/1.1" 200 715
::1 - - [27/Nov/2024:20:09:10 -0300] "GET /phpmyadmin/db_structure.php?token=bf3d0ce3b3929a000b953a1791a1220f&db=rh HTTP/1.1" 200 24166
::1 - - [27/Nov/2024:20:09:10 -0300] "GET /phpmyadmin/themes/pmahomme/img/arrow_ltr.png HTTP/1.1" 200 184
::1 - - [27/Nov/2024:20:09:10 -0300] "GET /phpmyadmin/themes/pmahomme/img/b_print.png HTTP/1.1" 200 731
::1 - - [27/Nov/2024:20:09:10 -0300] "GET /phpmyadmin/themes/pmahomme/img/b_tblanalyse.png HTTP/1.1" 200 234
::1 - - [27/Nov/2024:20:09:10 -0300] "GET /phpmyadmin/themes/pmahomme/img/b_newtbl.png HTTP/1.1" 200 325
::1 - - [27/Nov/2024:20:09:10 -0300] "GET /phpmyadmin/js/messages.php?lang=pt_BR&db=rh&token=bf3d0ce3b3929a000b953a1791a1220f HTTP/1.1" 200 5256
::1 - - [27/Nov/2024:20:09:18 -0300] "GET /phpmyadmin/themes/pmahomme/img/marked_bg.png HTTP/1.1" 200 977
::1 - - [27/Nov/2024:20:09:19 -0300] "GET /phpmyadmin/themes/pmahomme/img/tab_hover_bg.png HTTP/1.1" 200 1278
::1 - - [27/Nov/2024:20:09:19 -0300] "GET /phpmyadmin/db_sql.php?db=rh&server=1&token=bf3d0ce3b3929a000b953a1791a1220f&db_query_force=1 HTTP/1.1" 200 9077
::1 - - [27/Nov/2024:20:09:19 -0300] "GET /phpmyadmin/js/sql.js?ts=1324487272 HTTP/1.1" 200 15945
::1 - - [27/Nov/2024:20:09:24 -0300] "GET /phpmyadmin/db_structure.php?db=rh&server=1&token=bf3d0ce3b3929a000b953a1791a1220f HTTP/1.1" 200 24179
::1 - - [27/Nov/2024:20:09:24 -0300] "GET /phpmyadmin/themes/pmahomme/img/s_desc.png HTTP/1.1" 200 201
::1 - - [27/Nov/2024:20:09:27 -0300] "GET /phpmyadmin/themes/pmahomme/img/s_tbl.png HTTP/1.1" 200 714
::1 - - [27/Nov/2024:20:09:27 -0300] "GET /phpmyadmin/themes/pmahomme/img/b_tblexport.png HTTP/1.1" 200 641
::1 - - [27/Nov/2024:20:09:27 -0300] "GET /phpmyadmin/themes/pmahomme/img/b_tblimport.png HTTP/1.1" 200 629
::1 - - [27/Nov/2024:20:09:27 -0300] "GET /phpmyadmin/js/pMap.js?ts=1324487272 HTTP/1.1" 200 1915
::1 - - [27/Nov/2024:20:09:27 -0300] "GET /phpmyadmin/themes/pmahomme/img/s_fulltext.png HTTP/1.1" 200 244
::1 - - [27/Nov/2024:20:09:27 -0300] "GET /phpmyadmin/themes/pmahomme/img/b_edit.png HTTP/1.1" 200 444
::1 - - [27/Nov/2024:20:09:27 -0300] "GET /phpmyadmin/sql.php?db=rh&token=bf3d0ce3b3929a000b953a1791a1220f&goto=db_structure.php&table=funcionario&pos=0 HTTP/1.1" 200 30235
::1 - - [27/Nov/2024:20:09:27 -0300] "GET /phpmyadmin/themes/pmahomme/img/b_chart.png HTTP/1.1" 200 541
::1 - - [27/Nov/2024:20:09:27 -0300] "GET /phpmyadmin/themes/pmahomme/img/b_views.png HTTP/1.1" 200 700
::1 - - [27/Nov/2024:20:09:27 -0300] "GET /phpmyadmin/themes/pmahomme/img/s_success.png HTTP/1.1" 200 537
::1 - - [27/Nov/2024:20:09:27 -0300] "GET /phpmyadmin/themes/pmahomme/img/b_inline_edit.png HTTP/1.1" 200 618
