160420  9:50:18 [Note] Plugin 'FEDERATED' is disabled.
160420  9:50:18 InnoDB: The InnoDB memory heap is disabled
160420  9:50:18 InnoDB: Mutexes and rw_locks use Windows interlocked functions
160420  9:50:18 InnoDB: Compressed tables use zlib 1.2.3
160420  9:50:18 InnoDB: Initializing buffer pool, size = 128.0M
160420  9:50:18 InnoDB: Completed initialization of buffer pool
160420  9:50:18 InnoDB: highest supported file format is Barracuda.
InnoDB: The log sequence number in ibdata files does not match
InnoDB: the log sequence number in the ib_logfiles!
160420  9:50:18  InnoDB: Database was not shut down normally!
InnoDB: Starting crash recovery.
InnoDB: Reading tablespace information from the .ibd files...
InnoDB: Restoring possible half-written data pages from the doublewrite
InnoDB: buffer...
160420  9:50:19  InnoDB: Waiting for the background threads to start
160420  9:50:20 InnoDB: 1.1.8 started; log sequence number 1703661
160516 11:33:33 [Note] Plugin 'FEDERATED' is disabled.
160516 11:33:33 InnoDB: The InnoDB memory heap is disabled
160516 11:33:33 InnoDB: Mutexes and rw_locks use Windows interlocked functions
160516 11:33:33 InnoDB: Compressed tables use zlib 1.2.3
160516 11:33:33 InnoDB: Initializing buffer pool, size = 128.0M
160516 11:33:33 InnoDB: Completed initialization of buffer pool
160516 11:33:33 InnoDB: highest supported file format is Barracuda.
InnoDB: The log sequence number in ibdata files does not match
InnoDB: the log sequence number in the ib_logfiles!
160516 11:33:33  InnoDB: Database was not shut down normally!
InnoDB: Starting crash recovery.
InnoDB: Reading tablespace information from the .ibd files...
InnoDB: Restoring possible half-written data pages from the doublewrite
InnoDB: buffer...
160516 11:33:38  InnoDB: Waiting for the background threads to start
160516 11:33:39 InnoDB: 1.1.8 started; log sequence number 1705644
160519 16:02:44 [Note] Plugin 'FEDERATED' is disabled.
160519 16:02:44 InnoDB: The InnoDB memory heap is disabled
160519 16:02:44 InnoDB: Mutexes and rw_locks use Windows interlocked functions
160519 16:02:44 InnoDB: Compressed tables use zlib 1.2.3
160519 16:02:44 InnoDB: Initializing buffer pool, size = 128.0M
160519 16:02:44 InnoDB: Completed initialization of buffer pool
160519 16:02:44 InnoDB: highest supported file format is Barracuda.
InnoDB: The log sequence number in ibdata files does not match
InnoDB: the log sequence number in the ib_logfiles!
160519 16:02:44  InnoDB: Database was not shut down normally!
InnoDB: Starting crash recovery.
InnoDB: Reading tablespace information from the .ibd files...
InnoDB: Restoring possible half-written data pages from the doublewrite
InnoDB: buffer...
160519 16:02:47  InnoDB: Waiting for the background threads to start
160519 16:02:48 InnoDB: 1.1.8 started; log sequence number 1705654
160630 15:21:31 [Note] Plugin 'FEDERATED' is disabled.
160630 15:21:31 InnoDB: The InnoDB memory heap is disabled
160630 15:21:31 InnoDB: Mutexes and rw_locks use Windows interlocked functions
160630 15:21:31 InnoDB: Compressed tables use zlib 1.2.3
160630 15:21:31 InnoDB: Initializing buffer pool, size = 128.0M
160630 15:21:31 InnoDB: Completed initialization of buffer pool
160630 15:21:31 InnoDB: highest supported file format is Barracuda.
InnoDB: The log sequence number in ibdata files does not match
InnoDB: the log sequence number in the ib_logfiles!
160630 15:21:31  InnoDB: Database was not shut down normally!
InnoDB: Starting crash recovery.
InnoDB: Reading tablespace information from the .ibd files...
InnoDB: Restoring possible half-written data pages from the doublewrite
InnoDB: buffer...
160630 15:21:36  InnoDB: Waiting for the background threads to start
160630 15:21:37 InnoDB: 1.1.8 started; log sequence number 1708306
